{
  "stats": {
    "suites": 1,
    "tests": 1,
    "passes": 0,
    "pending": 0,
    "failures": 1,
    "start": "2025-11-05T17:57:50.612Z",
    "end": "2025-11-05T17:58:12.914Z",
    "duration": 22302,
    "testsRegistered": 1,
    "passPercent": 0,
    "pendingPercent": 0,
    "other": 0,
    "hasOther": false,
    "skipped": 0,
    "hasSkipped": false
  },
  "results": [
    {
      "uuid": "2e5db249-b889-4d0f-8c8e-1779c5a3ba63",
      "title": "",
      "fullFile": "cypress\\tests\\purchase.js",
      "file": "cypress\\tests\\purchase.js",
      "beforeHooks": [],
      "afterHooks": [],
      "tests": [],
      "suites": [
        {
          "uuid": "2cde9496-1c5e-45d4-bfd5-2a425ce39e06",
          "title": "Data-Driven Purchase Flow",
          "fullFile": "",
          "file": "",
          "beforeHooks": [],
          "afterHooks": [],
          "tests": [
            {
              "title": "should allow multiple users to purchase multiple products",
              "fullTitle": "Data-Driven Purchase Flow should allow multiple users to purchase multiple products",
              "timedOut": null,
              "duration": 17084,
              "state": "failed",
              "speed": null,
              "pass": false,
              "fail": true,
              "pending": false,
              "context": null,
              "code": "Object.values(this.users).forEach(user => {\n  cy.login(user.username, user.password);\n  this.products.forEach(product => {\n    cy.addProductToCart(product.name);\n  });\n  _InventoryPage.default.openCart();\n  this.products.forEach(product => {\n    cy.contains(product.name).should('be.visible');\n  });\n  _CheckoutPage.default.checkout('John', 'Doe', '12345');\n  cy.contains('Thank you for your order!', {\n    timeout: 10000\n  }).should('be.visible');\n});",
              "err": {
                "message": "AssertionError: Timed out retrying after 6000ms: Expected to find element: `.inventory_item`, but never found it.",
                "estack": "AssertionError: Timed out retrying after 6000ms: Expected to find element: `.inventory_item`, but never found it.\n    at Context.eval (webpack://sauce_demo/./cypress/support/commands.js:37:5)\n    at wrapped (https://www.saucedemo.com/__cypress/runner/cypress_runner.js:145673:43)",
                "diff": null
              },
              "uuid": "dd49d87c-2d53-4fc6-a94a-f3dc7f348524",
              "parentUUID": "2cde9496-1c5e-45d4-bfd5-2a425ce39e06",
              "isHook": false,
              "skipped": false
            }
          ],
          "suites": [],
          "passes": [],
          "failures": [
            "dd49d87c-2d53-4fc6-a94a-f3dc7f348524"
          ],
          "pending": [],
          "skipped": [],
          "duration": 17084,
          "root": false,
          "rootEmpty": false,
          "_timeout": 2000
        }
      ],
      "passes": [],
      "failures": [],
      "pending": [],
      "skipped": [],
      "duration": 0,
      "root": true,
      "rootEmpty": true,
      "_timeout": 2000
    }
  ],
  "meta": {
    "mocha": {
      "version": "7.2.0"
    },
    "mochawesome": {
      "options": {
        "quiet": false,
        "reportFilename": "mochawesome",
        "saveHtml": true,
        "saveJson": true,
        "consoleReporter": "spec",
        "useInlineDiffs": false,
        "code": true
      },
      "version": "7.1.4"
    },
    "marge": {
      "options": {
        "reportDir": "cypress/reports",
        "overwrite": false,
        "html": true,
        "json": true
      },
      "version": "6.3.2"
    }
  }
}