{
  "stats": {
    "suites": 1,
    "tests": 1,
    "passes": 0,
    "pending": 0,
    "failures": 1,
    "start": "2025-11-05T18:24:40.214Z",
    "end": "2025-11-05T18:25:06.053Z",
    "duration": 25839,
    "testsRegistered": 1,
    "passPercent": 0,
    "pendingPercent": 0,
    "other": 0,
    "hasOther": false,
    "skipped": 0,
    "hasSkipped": false
  },
  "results": [
    {
      "uuid": "11eac13c-f581-4d2d-91ef-68120b7e1532",
      "title": "",
      "fullFile": "cypress\\tests\\purchase.js",
      "file": "cypress\\tests\\purchase.js",
      "beforeHooks": [],
      "afterHooks": [],
      "tests": [],
      "suites": [
        {
          "uuid": "e8de3ae9-2a39-4aa5-a00c-e90c1c9722ea",
          "title": "Data-Driven Purchase Flow",
          "fullFile": "",
          "file": "",
          "beforeHooks": [],
          "afterHooks": [],
          "tests": [
            {
              "title": "should allow multiple users to purchase multiple products",
              "fullTitle": "Data-Driven Purchase Flow should allow multiple users to purchase multiple products",
              "timedOut": null,
              "duration": 21628,
              "state": "failed",
              "speed": null,
              "pass": false,
              "fail": true,
              "pending": false,
              "context": null,
              "code": "cy.wrap(Object.values(this.users)).each(user => {\n  // Visit login page\n  cy.visit('https://www.saucedemo.com/');\n  // Login\n  cy.login(user.username, user.password);\n  // Skip locked users\n  if (user.username === 'locked_out_user') {\n    cy.get('[data-test=\"error\"]').should('contain', 'locked');\n    return; // skip rest of flow for this user\n  }\n  // Add products to cart\n  cy.wrap(this.products).each(product => {\n    cy.addProductToCart(product.name);\n  });\n  // Open cart and verify products\n  _InventoryPage.default.openCart();\n  cy.wrap(this.products).each(product => {\n    cy.contains('.inventory_item_name', product.name).should('be.visible');\n  });\n  // Checkout\n  _CheckoutPage.default.checkout('John', 'Doe', '12345');\n  // Verify order completion\n  cy.contains('Thank you for your order!', {\n    timeout: 10000\n  }).should('be.visible');\n  // Log out for next user\n  cy.get('#react-burger-menu-btn').click();\n  cy.get('#logout_sidebar_link').click();\n  cy.url().should('include', '/'); // back to login page\n});",
              "err": {
                "message": "AssertionError: Timed out retrying after 6000ms: Expected to find element: `#finish`, but never found it.",
                "estack": "AssertionError: Timed out retrying after 6000ms: Expected to find element: `#finish`, but never found it.\n    at CheckoutPage.finishCheckout (webpack://sauce_demo/./cypress/pages/CheckoutPage.js:14:7)\n    at CheckoutPage.checkout (webpack://sauce_demo/./cypress/pages/CheckoutPage.js:23:9)\n    at Context.eval (webpack://sauce_demo/./cypress/tests/purchase.js:68:17)\n    at Context.callback (https://www.saucedemo.com/__cypress/runner/cypress_runner.js:122576:26)\n    at getRet (https://www.saucedemo.com/__cypress/runner/cypress_runner.js:122341:20)\n    at tryCatcher (https://www.saucedemo.com/__cypress/runner/cypress_runner.js:1777:23)\n    at Promise.attempt.Promise.try (https://www.saucedemo.com/__cypress/runner/cypress_runner.js:4285:29)\n    at thenFn (https://www.saucedemo.com/__cypress/runner/cypress_runner.js:122352:66)\n    at yieldItem (https://www.saucedemo.com/__cypress/runner/cypress_runner.js:122584:16)",
                "diff": null
              },
              "uuid": "534ac26c-55e6-465a-a66f-dcb1dcd482ce",
              "parentUUID": "e8de3ae9-2a39-4aa5-a00c-e90c1c9722ea",
              "isHook": false,
              "skipped": false
            }
          ],
          "suites": [],
          "passes": [],
          "failures": [
            "534ac26c-55e6-465a-a66f-dcb1dcd482ce"
          ],
          "pending": [],
          "skipped": [],
          "duration": 21628,
          "root": false,
          "rootEmpty": false,
          "_timeout": 2000
        }
      ],
      "passes": [],
      "failures": [],
      "pending": [],
      "skipped": [],
      "duration": 0,
      "root": true,
      "rootEmpty": true,
      "_timeout": 2000
    }
  ],
  "meta": {
    "mocha": {
      "version": "7.2.0"
    },
    "mochawesome": {
      "options": {
        "quiet": false,
        "reportFilename": "mochawesome",
        "saveHtml": true,
        "saveJson": true,
        "consoleReporter": "spec",
        "useInlineDiffs": false,
        "code": true
      },
      "version": "7.1.4"
    },
    "marge": {
      "options": {
        "reportDir": "cypress/reports",
        "overwrite": false,
        "html": true,
        "json": true
      },
      "version": "6.3.2"
    }
  }
}