{
  "stats": {
    "suites": 1,
    "tests": 1,
    "passes": 1,
    "pending": 0,
    "failures": 0,
    "start": "2025-11-05T18:24:23.043Z",
    "end": "2025-11-05T18:24:34.261Z",
    "duration": 11218,
    "testsRegistered": 1,
    "passPercent": 100,
    "pendingPercent": 0,
    "other": 0,
    "hasOther": false,
    "skipped": 0,
    "hasSkipped": false
  },
  "results": [
    {
      "uuid": "14183390-e29d-4c1f-abd9-fb5e279b620f",
      "title": "",
      "fullFile": "cypress\\tests\\End2End.js",
      "file": "cypress\\tests\\End2End.js",
      "beforeHooks": [],
      "afterHooks": [],
      "tests": [],
      "suites": [
        {
          "uuid": "94d72f0a-6e7c-42ca-8a1f-36f14b0cab6e",
          "title": "Sauce Demo E2E Flow",
          "fullFile": "",
          "file": "",
          "beforeHooks": [],
          "afterHooks": [],
          "tests": [
            {
              "title": "should complete a full checkout flow",
              "fullTitle": "Sauce Demo E2E Flow should complete a full checkout flow",
              "timedOut": null,
              "duration": 6626,
              "state": "passed",
              "speed": "medium",
              "pass": true,
              "fail": false,
              "pending": false,
              "context": null,
              "code": "_InventoryPage.default.addProductToCart('Sauce Labs Backpack');\n_InventoryPage.default.openCart();\ncy.contains('Sauce Labs Backpack').should('be.visible');\n_CheckoutPage.default.clickCheckout();\n_CheckoutPage.default.fillCheckoutInfo('Luisa', 'Shikuku', '00100');\n_CheckoutPage.default.finishCheckout();\n_CheckoutPage.default.verifySuccessMessage();",
              "err": {},
              "uuid": "1baffcb2-ed3f-448e-8c5a-531d8ea7a2e5",
              "parentUUID": "94d72f0a-6e7c-42ca-8a1f-36f14b0cab6e",
              "isHook": false,
              "skipped": false
            }
          ],
          "suites": [],
          "passes": [
            "1baffcb2-ed3f-448e-8c5a-531d8ea7a2e5"
          ],
          "failures": [],
          "pending": [],
          "skipped": [],
          "duration": 6626,
          "root": false,
          "rootEmpty": false,
          "_timeout": 2000
        }
      ],
      "passes": [],
      "failures": [],
      "pending": [],
      "skipped": [],
      "duration": 0,
      "root": true,
      "rootEmpty": true,
      "_timeout": 2000
    }
  ],
  "meta": {
    "mocha": {
      "version": "7.2.0"
    },
    "mochawesome": {
      "options": {
        "quiet": false,
        "reportFilename": "mochawesome",
        "saveHtml": true,
        "saveJson": true,
        "consoleReporter": "spec",
        "useInlineDiffs": false,
        "code": true
      },
      "version": "7.1.4"
    },
    "marge": {
      "options": {
        "reportDir": "cypress/reports",
        "overwrite": false,
        "html": true,
        "json": true
      },
      "version": "6.3.2"
    }
  }
}